<?xml version="1.0" encoding="UTF-8"?>
<!-- Generated by org.testng.reporters.JUnitXMLReporter -->
<testsuite ignored="0" hostname="DESKTOP-3M92PDJ" failures="0" tests="4" name="Default test" time="3.22" errors="0" timestamp="2024-12-17T23:37:10 IST">
  <testcase classname="day1.HTTPRequests" name="getUser" time="1.859"/>
  <testcase classname="day1.HTTPRequests" name="createUSer" time="0.656"/>
  <testcase classname="day1.HTTPRequests" name="updateUSer" time="0.331"/>
  <testcase classname="day1.HTTPRequests" name="deleteUser" time="0.329"/>
</testsuite> <!-- Default test -->
